<?xml version="1.0" encoding="UTF-8"?>
<!-- Generated by org.testng.reporters.JUnitXMLReporter -->
<testsuite hostname="Talha-MacBook-Pro.local" failures="0" tests="2" name="Command line test" time="3.957" errors="0" timestamp="6 Sep 2020 14:30:12 GMT">
  <testcase classname="TestCaseApplicationTests" name="givenMovieName_checkExists_thenGetImbdID_thenCorrect" time="3.483"/>
  <testcase classname="TestCaseApplicationTests" name="givenImdbId_thenCheckResponse_thenCorrect" time="0.448"/>
</testsuite> <!-- Command line test -->
